<?xml version="1.0" encoding="UTF-8"?>
<!-- Generated by org.testng.reporters.JUnitReportReporter -->
<testsuite hostname="USBGOSHDAYANA1" failures="0" tests="1" name="testcases.PurchaseTest" time="2.087" errors="0" timestamp="18 Jul 2021 07:45:11 GMT" skipped="0">
  <testcase classname="testcases.PurchaseTest" name="test" time="2.087"/>
</testsuite> <!-- testcases.PurchaseTest -->
